<?xml version="1.0" encoding="UTF-8"?>
<!-- Generated by org.testng.reporters.JUnitReportReporter -->
<testsuite skipped="0" hostname="Lenovo" name="org.features_TNG.dataProvider" tests="6" failures="0" timestamp="2021-12-28T22:58:30 IST" time="0.111" errors="0">
  <testcase name="demo" time="0.015" classname="org.features_TNG.dataProvider"/>
  <system-out/>
  <testcase name="demo" time="0.018" classname="org.features_TNG.dataProvider"/>
  <system-out/>
  <testcase name="demo" time="0.016" classname="org.features_TNG.dataProvider"/>
  <system-out/>
  <testcase name="demo" time="0.000" classname="org.features_TNG.dataProvider"/>
  <system-out/>
  <testcase name="demo" time="0.015" classname="org.features_TNG.dataProvider"/>
  <system-out/>
  <testcase name="demo" time="0.047" classname="org.features_TNG.dataProvider"/>
  <system-out/>
</testsuite> <!-- org.features_TNG.dataProvider -->
