<?xml version="1.0" encoding="UTF-8"?>
<!-- Generated by org.testng.reporters.JUnitReportReporter -->
<testsuite skipped="1" hostname="Lenovo" name="org.features_TNG.Simple_annotation" tests="5" failures="0" timestamp="2021-12-28T21:50:28 IST" time="0.080" errors="0">
  <testcase name="productC" time="0.031" classname="org.features_TNG.Simple_annotation"/>
  <system-out/>
  <testcase name="productB" time="0.008" classname="org.features_TNG.Simple_annotation"/>
  <system-out/>
  <testcase name="productE" time="0.009" classname="org.features_TNG.Simple_annotation"/>
  <system-out/>
  <testcase name="productE" time="0.032" classname="org.features_TNG.Simple_annotation"/>
  <system-out/>
  <testcase name="productD" classname="org.features_TNG.Simple_annotation">
    <skipped/>
  </testcase> <!-- productD -->
  <system-out/>
</testsuite> <!-- org.features_TNG.Simple_annotation -->
