<?xml version="1.0" encoding="UTF-8"?>
<!-- Generated by org.testng.reporters.JUnitReportReporter -->
<testsuite skipped="0" hostname="Lenovo" name="org.features_TNG.practice" tests="6" failures="0" timestamp="2021-12-28T11:26:59 IST" time="0.095" errors="0">
  <testcase name="p1" time="0.009" classname="org.features_TNG.practice"/>
  <system-out/>
  <testcase name="p2" time="0.007" classname="org.features_TNG.practice"/>
  <system-out/>
  <testcase name="p4" time="0.012" classname="org.features_TNG.practice"/>
  <system-out/>
  <testcase name="login" time="0.037" classname="org.features_TNG.practice"/>
  <system-out/>
  <testcase name="p3" time="0.009" classname="org.features_TNG.practice"/>
  <system-out/>
  <testcase name="logout" time="0.021" classname="org.features_TNG.practice"/>
  <system-out/>
</testsuite> <!-- org.features_TNG.practice -->
