<?xml version="1.0" encoding="UTF-8"?>
<!-- Generated by org.testng.reporters.JUnitReportReporter -->
<testsuite skipped="0" hostname="Lenovo" name="org.features_TNG.parameters" tests="1" failures="0" timestamp="2022-01-01T11:45:18 IST" time="0.047" errors="0">
  <testcase name="deme" time="0.047" classname="org.features_TNG.parameters"/>
  <system-out/>
</testsuite> <!-- org.features_TNG.parameters -->
