<?xml version="1.0" encoding="UTF-8"?>
<!-- Generated by org.testng.reporters.JUnitReportReporter -->
<testsuite skipped="0" hostname="Lenovo" name="org.features_TNG.grouping" tests="9" failures="0" timestamp="2021-12-28T21:56:27 IST" time="0.089" errors="0">
  <testcase name="dpurchaseHeadphone" time="0.000" classname="org.features_TNG.grouping"/>
  <system-out/>
  <testcase name="dpurchaseMobile" time="0.000" classname="org.features_TNG.grouping"/>
  <system-out/>
  <testcase name="fquit" time="0.000" classname="org.features_TNG.grouping"/>
  <system-out/>
  <testcase name="abrowserlaunch" time="0.034" classname="org.features_TNG.grouping"/>
  <system-out/>
  <testcase name="clogin" time="0.008" classname="org.features_TNG.grouping"/>
  <system-out/>
  <testcase name="dorderFood" time="0.008" classname="org.features_TNG.grouping"/>
  <system-out/>
  <testcase name="bsetprop" time="0.015" classname="org.features_TNG.grouping"/>
  <system-out/>
  <testcase name="dpurchaseDress" time="0.016" classname="org.features_TNG.grouping"/>
  <system-out/>
  <testcase name="elogout" time="0.008" classname="org.features_TNG.grouping"/>
  <system-out/>
</testsuite> <!-- org.features_TNG.grouping -->
