<?xml version="1.0" encoding="UTF-8"?>
<!-- Generated by org.testng.reporters.JUnitReportReporter -->
<testsuite skipped="0" hostname="Lenovo" name="org.MiniProject_TestNG_Addactin.testNG_Adactin" tests="2" failures="0" timestamp="2022-02-08T15:48:31 IST" time="61.611" errors="0">
  <testcase name="booking" time="32.009" classname="org.MiniProject_TestNG_Addactin.testNG_Adactin"/>
  <system-out/>
  <testcase name="booking2" time="29.602" classname="org.MiniProject_TestNG_Addactin.testNG_Adactin"/>
  <system-out/>
</testsuite> <!-- org.MiniProject_TestNG_Addactin.testNG_Adactin -->
