<?xml version="1.0" encoding="UTF-8"?>
<!-- Generated by org.testng.reporters.JUnitReportReporter -->
<testsuite skipped="0" hostname="Lenovo" name="org.features_TNG.expectedExcepn" tests="3" failures="0" timestamp="2021-12-28T22:59:42 IST" time="0.112" errors="0">
  <testcase name="ademoassrtsot" time="0.047" classname="org.features_TNG.expectedExcepn"/>
  <system-out/>
  <testcase name="demoassrt" time="0.065" classname="org.features_TNG.expectedExcepn"/>
  <system-out/>
  <testcase name="math" time="0.000" classname="org.features_TNG.expectedExcepn"/>
  <system-out/>
</testsuite> <!-- org.features_TNG.expectedExcepn -->
